#
# A fatal error has been detected by the Java Runtime Environment:
#
#  EXCEPTION_ACCESS_VIOLATION (0xc0000005) at pc=0x00000000581d4ff5, pid=4800, tid=0x00000000000003bc
#
# JRE version: OpenJDK Runtime Environment (8.0_202-b03) (build 1.8.0_202-release-1483-b03)
# Java VM: OpenJDK 64-Bit Server VM (25.202-b03 mixed mode windows-amd64 compressed oops)
# Problematic frame:
# V  [jvm.dll+0x4c4ff5]
#
# Failed to write core dump. Minidumps are not enabled by default on client versions of Windows
#
# If you would like to submit a bug report, please visit:
#   http://bugreport.java.com/bugreport/crash.jsp
#

---------------  T H R E A D  ---------------

Current thread (0x00000000162d9800):  JavaThread "C2 CompilerThread0" daemon [_thread_in_native, id=956, stack(0x0000000017930000,0x0000000017a30000)]

siginfo: ExceptionCode=0xc0000005, reading address 0xffffffffffffffff

Registers:
RAX=0x0000000017dad680, RBX=0x0100000017dad540, RCX=0x0000000000000088, RDX=0x0000000017dae310
RSP=0x0000000017a2b850, RBP=0x0000000017a2b900, RSI=0x0000000017dad648, RDI=0x000000001999b0c0
R8 =0x0000000000000002, R9 =0x0000000000000003, R10=0x000000001997c7b8, R11=0x000000001997c7c0
R12=0x0000000017a2b928, R13=0x00000000000003e7, R14=0x0000000000000001, R15=0x00000000199870d8
RIP=0x00000000581d4ff5, EFLAGS=0x0000000000010202

Top of Stack: (sp=0x0000000017a2b850)
0x0000000017a2b850:   000000001950ba70 0000000017a2b900
0x0000000017a2b860:   000000001950abd8 000000005812eb4a
0x0000000017a2b870:   0000000000000008 0000000000000001
0x0000000017a2b880:   000000001997ad20 00000000162951a0
0x0000000017a2b890:   0000000000000010 00000000581c7b7c
0x0000000017a2b8a0:   000000001999b0c0 00000000199870d8
0x0000000017a2b8b0:   0000000017a2b929 000000001999bc28
0x0000000017a2b8c0:   0000000019982d08 000000005820cc6b
0x0000000017a2b8d0:   00000000162951a0 0000000000000004
0x0000000017a2b8e0:   000000001997be90 0000000000000003
0x0000000017a2b8f0:   000000005834b358 00000000162951a0
0x0000000017a2b900:   0000000000000200 000000001997bec0
0x0000000017a2b910:   0000000000000000 0000000058210094
0x0000000017a2b920:   000000001999bc28 00000000162951a0
0x0000000017a2b930:   0000000000000020 000000001997c6c0
0x0000000017a2b940:   000000000000001c 000000001999b0c0 

Instructions: (pc=0x00000000581d4ff5)
0x00000000581d4fd5:   db 75 1d 80 e1 3f 80 f9 20 75 55 48 85 db 75 73
0x00000000581d4fe5:   48 8b ce e8 f3 99 f6 ff 48 8b d8 48 85 c0 74 40
0x00000000581d4ff5:   0f b6 43 2c 24 1f 3c 18 75 20 83 7b 30 00 75 07
0x00000000581d5005:   48 8b 43 08 48 8b 18 48 85 db 74 24 48 83 7b 10 


Register to memory mapping:

RAX=0x0000000017dad680 is an unknown value
RBX=0x0100000017dad540 is an unknown value
RCX=0x0000000000000088 is an unknown value
RDX=0x0000000017dae310 is an unknown value
RSP=0x0000000017a2b850 is pointing into the stack for thread: 0x00000000162d9800
RBP=0x0000000017a2b900 is pointing into the stack for thread: 0x00000000162d9800
RSI=0x0000000017dad648 is an unknown value
RDI=0x000000001999b0c0 is an unknown value
R8 =0x0000000000000002 is an unknown value
R9 =0x0000000000000003 is an unknown value
R10=0x000000001997c7b8 is an unknown value
R11=0x000000001997c7c0 is an unknown value
R12=0x0000000017a2b928 is pointing into the stack for thread: 0x00000000162d9800
R13=0x00000000000003e7 is an unknown value
R14=0x0000000000000001 is an unknown value
R15=0x00000000199870d8 is an unknown value


Stack: [0x0000000017930000,0x0000000017a30000],  sp=0x0000000017a2b850,  free space=1006k
Native frames: (J=compiled Java code, j=interpreted, Vv=VM code, C=native code)
V  [jvm.dll+0x4c4ff5]
V  [jvm.dll+0x4b7b7c]
V  [jvm.dll+0x4b9e67]
V  [jvm.dll+0x4b9eca]
V  [jvm.dll+0x4bab2d]
V  [jvm.dll+0x4bfb7b]
V  [jvm.dll+0x4dd7d3]
V  [jvm.dll+0x45eaf9]
V  [jvm.dll+0x463405]
V  [jvm.dll+0x4d7f8f]
V  [jvm.dll+0x4d8a2e]
V  [jvm.dll+0x4d5b65]
V  [jvm.dll+0x4d0427]
V  [jvm.dll+0x4d07a9]
V  [jvm.dll+0x4d0d3f]
V  [jvm.dll+0x428310]
V  [jvm.dll+0x44d366]
V  [jvm.dll+0x4d793d]
V  [jvm.dll+0x4d0427]
V  [jvm.dll+0x4d07a9]
V  [jvm.dll+0x4d0d3f]
V  [jvm.dll+0x428310]
V  [jvm.dll+0x44d366]
V  [jvm.dll+0x4d793d]
V  [jvm.dll+0x4d0427]
V  [jvm.dll+0x4d07a9]
V  [jvm.dll+0x4d0d3f]
V  [jvm.dll+0x428310]
V  [jvm.dll+0x44d366]
V  [jvm.dll+0x4d793d]
V  [jvm.dll+0x4d0427]
V  [jvm.dll+0x4d07a9]
V  [jvm.dll+0x4d0d3f]
V  [jvm.dll+0x428310]
V  [jvm.dll+0x44d366]
V  [jvm.dll+0x4d793d]
V  [jvm.dll+0x4d0427]
V  [jvm.dll+0x4d07a9]
V  [jvm.dll+0x4d0d3f]
V  [jvm.dll+0x428310]
V  [jvm.dll+0x44d366]
V  [jvm.dll+0x4d793d]
V  [jvm.dll+0x4d0427]
V  [jvm.dll+0x4d07a9]
V  [jvm.dll+0x4d0d3f]
V  [jvm.dll+0x428310]
V  [jvm.dll+0x44d366]
V  [jvm.dll+0x4d793d]
V  [jvm.dll+0x4d0427]
V  [jvm.dll+0x4d07a9]
V  [jvm.dll+0x4d0d3f]
V  [jvm.dll+0x428310]
V  [jvm.dll+0x44d366]
V  [jvm.dll+0x4d793d]
V  [jvm.dll+0x4d0427]
V  [jvm.dll+0x4d07a9]
V  [jvm.dll+0x4d0d3f]
V  [jvm.dll+0x428310]
V  [jvm.dll+0x44d366]
V  [jvm.dll+0x4d793d]
V  [jvm.dll+0x4d0427]
V  [jvm.dll+0x4d07a9]
V  [jvm.dll+0x4d0d3f]
V  [jvm.dll+0x428310]
V  [jvm.dll+0x443fee]
V  [jvm.dll+0x4273d2]
V  [jvm.dll+0x8215f]
V  [jvm.dll+0x82abf]
V  [jvm.dll+0x21db7f]
V  [jvm.dll+0x26f5ba]
C  [msvcr100.dll+0x21d9f]
C  [msvcr100.dll+0x21e3b]
C  [KERNEL32.DLL+0x17bd4]
C  [ntdll.dll+0x6ced1]


Current CompileTask:
C2:  11468 1438       4       java.net.URLClassLoader$1::run (5 bytes)


---------------  P R O C E S S  ---------------

Java Threads: ( => current thread )
  0x0000000018cab800 JavaThread "Cache worker for journal cache (C:\Users\Rajko\.gradle\caches\journal-1)" [_thread_blocked, id=8728, stack(0x000000001ae80000,0x000000001af80000)]
  0x0000000018ca7000 JavaThread "File lock request listener" [_thread_in_native, id=456, stack(0x000000001ad80000,0x000000001ae80000)]
  0x0000000018cac800 JavaThread "Cache worker for file hash cache (C:\Users\Rajko\.gradle\caches\5.4.1\fileHashes)" [_thread_blocked, id=2580, stack(0x000000001ac80000,0x000000001ad80000)]
  0x0000000017ddc800 JavaThread "Thread-9" [_thread_blocked, id=10080, stack(0x000000001ab80000,0x000000001ac80000)]
  0x0000000017c46800 JavaThread "Stdin handler" [_thread_blocked, id=10196, stack(0x000000001aa80000,0x000000001ab80000)]
  0x0000000017c43800 JavaThread "Asynchronous log dispatcher for DefaultDaemonConnection: socket connection from /127.0.0.1:61915 to /127.0.0.1:61916" [_thread_blocked, id=808, stack(0x000000001a980000,0x000000001aa80000)]
  0x0000000017c40800 JavaThread "Daemon worker" [_thread_in_vm, id=3436, stack(0x000000001a880000,0x000000001a980000)]
  0x0000000017d13800 JavaThread "Cancel handler" [_thread_blocked, id=6836, stack(0x000000001a780000,0x000000001a880000)]
  0x0000000019063800 JavaThread "Handler for socket connection from /127.0.0.1:61915 to /127.0.0.1:61916" [_thread_in_native, id=656, stack(0x000000001a480000,0x000000001a580000)]
  0x000000001958a000 JavaThread "Daemon" [_thread_blocked, id=652, stack(0x000000001a380000,0x000000001a480000)]
  0x0000000017cc8000 JavaThread "Daemon periodic checks" [_thread_blocked, id=248, stack(0x000000001a280000,0x000000001a380000)]
  0x0000000017f27000 JavaThread "Incoming local TCP Connector on port 61915" [_thread_in_native, id=9308, stack(0x000000001a040000,0x000000001a140000)]
  0x000000001901b800 JavaThread "Daemon health stats" [_thread_blocked, id=5080, stack(0x0000000019a00000,0x0000000019b00000)]
  0x000000001632d800 JavaThread "Service Thread" daemon [_thread_blocked, id=4988, stack(0x0000000018030000,0x0000000018130000)]
  0x00000000162e2000 JavaThread "C1 CompilerThread2" daemon [_thread_blocked, id=5976, stack(0x0000000017b30000,0x0000000017c30000)]
  0x00000000162d1000 JavaThread "C2 CompilerThread1" daemon [_thread_in_native, id=1096, stack(0x0000000017a30000,0x0000000017b30000)]
=>0x00000000162d9800 JavaThread "C2 CompilerThread0" daemon [_thread_in_native, id=956, stack(0x0000000017930000,0x0000000017a30000)]
  0x00000000162d7800 JavaThread "Attach Listener" daemon [_thread_blocked, id=7908, stack(0x0000000017830000,0x0000000017930000)]
  0x00000000162d6800 JavaThread "Signal Dispatcher" daemon [_thread_blocked, id=1888, stack(0x0000000017730000,0x0000000017830000)]
  0x000000000295c000 JavaThread "Finalizer" daemon [_thread_blocked, id=8368, stack(0x0000000017530000,0x0000000017630000)]
  0x00000000162b9000 JavaThread "Reference Handler" daemon [_thread_blocked, id=2908, stack(0x0000000017430000,0x0000000017530000)]
  0x0000000000f9d800 JavaThread "main" [_thread_blocked, id=6276, stack(0x0000000002760000,0x0000000002860000)]

Other Threads:
  0x0000000016296000 VMThread [stack: 0x0000000017330000,0x0000000017430000] [id=8416]
  0x000000001632e800 WatcherThread [stack: 0x0000000018130000,0x0000000018230000] [id=5680]

VM state:not at safepoint (normal execution)

VM Mutex/Monitor currently owned by a thread: None

heap address: 0x00000000a0000000, size: 1536 MB, Compressed Oops mode: 32-bit
Narrow klass base: 0x0000000000000000, Narrow klass shift: 3
Compressed class space size: 1073741824 Address: 0x0000000100000000

Heap:
 PSYoungGen      total 38400K, used 14687K [0x00000000e0000000, 0x00000000e2a80000, 0x0000000100000000)
  eden space 33280K, 28% used [0x00000000e0000000,0x00000000e095f680,0x00000000e2080000)
  from space 5120K, 99% used [0x00000000e2080000,0x00000000e2578978,0x00000000e2580000)
  to   space 5120K, 0% used [0x00000000e2580000,0x00000000e2580000,0x00000000e2a80000)
 ParOldGen       total 87552K, used 1950K [0x00000000a0000000, 0x00000000a5580000, 0x00000000e0000000)
  object space 87552K, 2% used [0x00000000a0000000,0x00000000a01e7aa8,0x00000000a5580000)
 Metaspace       used 14239K, capacity 14582K, committed 14720K, reserved 1062912K
  class space    used 1986K, capacity 2095K, committed 2176K, reserved 1048576K

Card table byte_map: [0x0000000011d20000,0x0000000012030000] byte_map_base: 0x0000000011820000

Marking Bits: (ParMarkBitMap*) 0x00000000584d9f30
 Begin Bits: [0x0000000012630000, 0x0000000013e30000)
 End Bits:   [0x0000000013e30000, 0x0000000015630000)

Polling page: 0x0000000000f40000

CodeCache: size=245760Kb used=4520Kb max_used=4765Kb free=241239Kb
 bounds [0x0000000002960000, 0x0000000002e10000, 0x0000000011960000]
 total_blobs=1694 nmethods=1313 adapters=295
 compilation: enabled

Compilation events (10 events):
Event: 11.075 Thread 0x00000000162d9800 1434       4       java.lang.ref.Finalizer::register (10 bytes)
Event: 11.082 Thread 0x00000000162d9800 nmethod 1434 0x0000000002a9c150 code [0x0000000002a9c2c0, 0x0000000002a9c638]
Event: 11.176 Thread 0x00000000162e2000 1435       3       java.io.OutputStream::<init> (5 bytes)
Event: 11.176 Thread 0x00000000162e2000 nmethod 1435 0x0000000002ab3c10 code [0x0000000002ab3d80, 0x0000000002ab3f30]
Event: 11.206 Thread 0x00000000162e2000 1436       3       java.util.regex.Pattern$GroupTail::match (111 bytes)
Event: 11.207 Thread 0x00000000162e2000 nmethod 1436 0x0000000002b6c110 code [0x0000000002b6c2a0, 0x0000000002b6c668]
Event: 11.249 Thread 0x00000000162d1000 1437   !   4       java.net.URLClassLoader::findClass (47 bytes)
Event: 11.250 Thread 0x00000000162d9800 1438       4       java.net.URLClassLoader$1::run (5 bytes)
Event: 11.255 Thread 0x00000000162d1000 nmethod 1437 0x0000000002abcad0 code [0x0000000002abcc60, 0x0000000002abce58]
Event: 11.255 Thread 0x00000000162d1000 1439   !   4       java.net.URLClassLoader$1::run (63 bytes)

GC Heap History (6 events):
Event: 3.721 GC heap before
{Heap before GC invocations=1 (full 0):
 PSYoungGen      total 38400K, used 33280K [0x00000000e0000000, 0x00000000e2a80000, 0x0000000100000000)
  eden space 33280K, 100% used [0x00000000e0000000,0x00000000e2080000,0x00000000e2080000)
  from space 5120K, 0% used [0x00000000e2580000,0x00000000e2580000,0x00000000e2a80000)
  to   space 5120K, 0% used [0x00000000e2080000,0x00000000e2080000,0x00000000e2580000)
 ParOldGen       total 87552K, used 0K [0x00000000a0000000, 0x00000000a5580000, 0x00000000e0000000)
  object space 87552K, 0% used [0x00000000a0000000,0x00000000a0000000,0x00000000a5580000)
 Metaspace       used 6639K, capacity 6788K, committed 7040K, reserved 1056768K
  class space    used 811K, capacity 844K, committed 896K, reserved 1048576K
Event: 3.736 GC heap after
Heap after GC invocations=1 (full 0):
 PSYoungGen      total 38400K, used 4111K [0x00000000e0000000, 0x00000000e2a80000, 0x0000000100000000)
  eden space 33280K, 0% used [0x00000000e0000000,0x00000000e0000000,0x00000000e2080000)
  from space 5120K, 80% used [0x00000000e2080000,0x00000000e2483e90,0x00000000e2580000)
  to   space 5120K, 0% used [0x00000000e2580000,0x00000000e2580000,0x00000000e2a80000)
 ParOldGen       total 87552K, used 8K [0x00000000a0000000, 0x00000000a5580000, 0x00000000e0000000)
  object space 87552K, 0% used [0x00000000a0000000,0x00000000a0002000,0x00000000a5580000)
 Metaspace       used 6639K, capacity 6788K, committed 7040K, reserved 1056768K
  class space    used 811K, capacity 844K, committed 896K, reserved 1048576K
}
Event: 5.387 GC heap before
{Heap before GC invocations=2 (full 0):
 PSYoungGen      total 38400K, used 37391K [0x00000000e0000000, 0x00000000e2a80000, 0x0000000100000000)
  eden space 33280K, 100% used [0x00000000e0000000,0x00000000e2080000,0x00000000e2080000)
  from space 5120K, 80% used [0x00000000e2080000,0x00000000e2483e90,0x00000000e2580000)
  to   space 5120K, 0% used [0x00000000e2580000,0x00000000e2580000,0x00000000e2a80000)
 ParOldGen       total 87552K, used 8K [0x00000000a0000000, 0x00000000a5580000, 0x00000000e0000000)
  object space 87552K, 0% used [0x00000000a0000000,0x00000000a0002000,0x00000000a5580000)
 Metaspace       used 8981K, capacity 9256K, committed 9472K, reserved 1056768K
  class space    used 1171K, capacity 1258K, committed 1280K, reserved 1048576K
Event: 5.403 GC heap after
Heap after GC invocations=2 (full 0):
 PSYoungGen      total 38400K, used 4433K [0x00000000e0000000, 0x00000000e2a80000, 0x0000000100000000)
  eden space 33280K, 0% used [0x00000000e0000000,0x00000000e0000000,0x00000000e2080000)
  from space 5120K, 86% used [0x00000000e2580000,0x00000000e29d45f0,0x00000000e2a80000)
  to   space 5120K, 0% used [0x00000000e2080000,0x00000000e2080000,0x00000000e2580000)
 ParOldGen       total 87552K, used 16K [0x00000000a0000000, 0x00000000a5580000, 0x00000000e0000000)
  object space 87552K, 0% used [0x00000000a0000000,0x00000000a0004000,0x00000000a5580000)
 Metaspace       used 8981K, capacity 9256K, committed 9472K, reserved 1056768K
  class space    used 1171K, capacity 1258K, committed 1280K, reserved 1048576K
}
Event: 10.919 GC heap before
{Heap before GC invocations=3 (full 0):
 PSYoungGen      total 38400K, used 37713K [0x00000000e0000000, 0x00000000e2a80000, 0x0000000100000000)
  eden space 33280K, 100% used [0x00000000e0000000,0x00000000e2080000,0x00000000e2080000)
  from space 5120K, 86% used [0x00000000e2580000,0x00000000e29d45f0,0x00000000e2a80000)
  to   space 5120K, 0% used [0x00000000e2080000,0x00000000e2080000,0x00000000e2580000)
 ParOldGen       total 87552K, used 16K [0x00000000a0000000, 0x00000000a5580000, 0x00000000e0000000)
  object space 87552K, 0% used [0x00000000a0000000,0x00000000a0004000,0x00000000a5580000)
 Metaspace       used 13385K, capacity 13780K, committed 14080K, reserved 1060864K
  class space    used 1848K, capacity 1998K, committed 2048K, reserved 1048576K
Event: 10.939 GC heap after
Heap after GC invocations=3 (full 0):
 PSYoungGen      total 38400K, used 5090K [0x00000000e0000000, 0x00000000e2a80000, 0x0000000100000000)
  eden space 33280K, 0% used [0x00000000e0000000,0x00000000e0000000,0x00000000e2080000)
  from space 5120K, 99% used [0x00000000e2080000,0x00000000e2578978,0x00000000e2580000)
  to   space 5120K, 0% used [0x00000000e2580000,0x00000000e2580000,0x00000000e2a80000)
 ParOldGen       total 87552K, used 1950K [0x00000000a0000000, 0x00000000a5580000, 0x00000000e0000000)
  object space 87552K, 2% used [0x00000000a0000000,0x00000000a01e7aa8,0x00000000a5580000)
 Metaspace       used 13385K, capacity 13780K, committed 14080K, reserved 1060864K
  class space    used 1848K, capacity 1998K, committed 2048K, reserved 1048576K
}

Deoptimization events (10 events):
Event: 7.218 Thread 0x0000000000f9d800 Uncommon trap: reason=unstable_if action=reinterpret pc=0x0000000002cbb390 method=java.io.WinNTFileSystem.normalize(Ljava/lang/String;II)Ljava/lang/String; @ 90
Event: 9.772 Thread 0x0000000019063800 Uncommon trap: reason=unstable_if action=reinterpret pc=0x0000000002d38e68 method=java.util.concurrent.ConcurrentHashMap.putVal(Ljava/lang/Object;Ljava/lang/Object;Z)Ljava/lang/Object; @ 206
Event: 10.081 Thread 0x0000000017c40800 Uncommon trap: reason=bimorphic action=maybe_recompile pc=0x0000000002bf99a0 method=java.util.HashMap.putVal(ILjava/lang/Object;Ljava/lang/Object;ZZ)Ljava/lang/Object; @ 253
Event: 10.082 Thread 0x0000000017c40800 Uncommon trap: reason=bimorphic action=maybe_recompile pc=0x0000000002bf99a0 method=java.util.HashMap.putVal(ILjava/lang/Object;Ljava/lang/Object;ZZ)Ljava/lang/Object; @ 253
Event: 10.082 Thread 0x0000000017c40800 Uncommon trap: reason=bimorphic action=maybe_recompile pc=0x0000000002bf99a0 method=java.util.HashMap.putVal(ILjava/lang/Object;Ljava/lang/Object;ZZ)Ljava/lang/Object; @ 253
Event: 10.082 Thread 0x0000000017c40800 Uncommon trap: reason=bimorphic action=maybe_recompile pc=0x0000000002bf4cd8 method=java.util.HashMap.putVal(ILjava/lang/Object;Ljava/lang/Object;ZZ)Ljava/lang/Object; @ 253
Event: 10.898 Thread 0x0000000017c40800 Uncommon trap: reason=class_check action=maybe_recompile pc=0x0000000002c417d8 method=java.util.regex.Matcher.match(II)Z @ 86
Event: 10.971 Thread 0x0000000017c40800 Uncommon trap: reason=class_check action=maybe_recompile pc=0x0000000002c417d8 method=java.util.regex.Matcher.match(II)Z @ 86
Event: 10.972 Thread 0x0000000017c40800 Uncommon trap: reason=class_check action=maybe_recompile pc=0x0000000002c417d8 method=java.util.regex.Matcher.match(II)Z @ 86
Event: 10.973 Thread 0x0000000017c40800 Uncommon trap: reason=class_check action=maybe_recompile pc=0x0000000002bef89c method=java.util.regex.Matcher.match(II)Z @ 86

Classes redefined (0 events):
No events

Internal exceptions (10 events):
Event: 9.789 Thread 0x0000000019063800 Exception <a 'java/lang/NoSuchMethodError': <clinit>> (0x00000000e09d3838) thrown at [D:\src\AOSP-openjdk-cygwin\jdk8u\hotspot\src\share\vm\prims\jni.cpp, line 1614]
Event: 9.796 Thread 0x0000000019063800 Exception <a 'java/lang/NoSuchMethodError': <clinit>> (0x00000000e09e8690) thrown at [D:\src\AOSP-openjdk-cygwin\jdk8u\hotspot\src\share\vm\prims\jni.cpp, line 1614]
Event: 9.811 Thread 0x0000000019063800 Exception <a 'java/lang/NoSuchMethodError': <clinit>> (0x00000000e09fb868) thrown at [D:\src\AOSP-openjdk-cygwin\jdk8u\hotspot\src\share\vm\prims\jni.cpp, line 1614]
Event: 9.824 Thread 0x0000000019063800 Exception <a 'java/lang/NoSuchMethodError': <clinit>> (0x00000000e0a22c38) thrown at [D:\src\AOSP-openjdk-cygwin\jdk8u\hotspot\src\share\vm\prims\jni.cpp, line 1614]
Event: 9.834 Thread 0x0000000019063800 Exception <a 'java/lang/NoSuchMethodError': <clinit>> (0x00000000e0a3ac80) thrown at [D:\src\AOSP-openjdk-cygwin\jdk8u\hotspot\src\share\vm\prims\jni.cpp, line 1614]
Event: 9.837 Thread 0x0000000019063800 Exception <a 'java/lang/NoSuchMethodError': <clinit>> (0x00000000e0a43910) thrown at [D:\src\AOSP-openjdk-cygwin\jdk8u\hotspot\src\share\vm\prims\jni.cpp, line 1614]
Event: 9.844 Thread 0x0000000019063800 Exception <a 'java/lang/NoSuchMethodError': <clinit>> (0x00000000e0a59f00) thrown at [D:\src\AOSP-openjdk-cygwin\jdk8u\hotspot\src\share\vm\prims\jni.cpp, line 1614]
Event: 9.887 Thread 0x0000000019063800 Exception <a 'java/lang/NoSuchMethodError': <clinit>> (0x00000000e0ac1288) thrown at [D:\src\AOSP-openjdk-cygwin\jdk8u\hotspot\src\share\vm\prims\jni.cpp, line 1614]
Event: 9.946 Thread 0x0000000019063800 Exception <a 'java/lang/NoSuchMethodError': <clinit>> (0x00000000e0aedbf0) thrown at [D:\src\AOSP-openjdk-cygwin\jdk8u\hotspot\src\share\vm\prims\jni.cpp, line 1614]
Event: 9.969 Thread 0x0000000019063800 Exception <a 'java/lang/NoSuchMethodError': <clinit>> (0x00000000e0b0a688) thrown at [D:\src\AOSP-openjdk-cygwin\jdk8u\hotspot\src\share\vm\prims\jni.cpp, line 1614]

Events (10 events):
Event: 11.293 loading class org/gradle/internal/service/scopes/ServiceRegistryFactory
Event: 11.293 loading class org/gradle/internal/service/scopes/ServiceRegistryFactory done
Event: 11.294 loading class org/gradle/configuration/InitScriptProcessor
Event: 11.294 loading class org/gradle/configuration/InitScriptProcessor done
Event: 11.306 loading class org/gradle/initialization/ClassLoaderScopeRegistry
Event: 11.306 loading class org/gradle/initialization/ClassLoaderScopeRegistry done
Event: 11.309 loading class org/gradle/api/internal/project/ProjectTaskLister
Event: 11.309 loading class org/gradle/api/internal/project/ProjectTaskLister done
Event: 11.310 loading class org/gradle/api/internal/component/ComponentTypeRegistry
Event: 11.310 loading class org/gradle/api/internal/component/ComponentTypeRegistry done


Dynamic libraries:
0x00007ff755ec0000 - 0x00007ff755ef1000 	C:\Program Files\Android\Android Studio\jre\bin\java.exe
0x00007ff9ed8a0000 - 0x00007ff9eda90000 	C:\Windows\SYSTEM32\ntdll.dll
0x00007ff9ebda0000 - 0x00007ff9ebe52000 	C:\Windows\System32\KERNEL32.DLL
0x00007ff9eac70000 - 0x00007ff9eaf13000 	C:\Windows\System32\KERNELBASE.dll
0x00007ff9eca40000 - 0x00007ff9ecae3000 	C:\Windows\System32\ADVAPI32.dll
0x00007ff9ebee0000 - 0x00007ff9ebf7e000 	C:\Windows\System32\msvcrt.dll
0x00007ff9ebcf0000 - 0x00007ff9ebd87000 	C:\Windows\System32\sechost.dll
0x00007ff9ecaf0000 - 0x00007ff9ecc10000 	C:\Windows\System32\RPCRT4.dll
0x00007ff9ec030000 - 0x00007ff9ec1c4000 	C:\Windows\System32\USER32.dll
0x00007ff9eab40000 - 0x00007ff9eab61000 	C:\Windows\System32\win32u.dll
0x00007ff9ed110000 - 0x00007ff9ed136000 	C:\Windows\System32\GDI32.dll
0x00007ff9ea920000 - 0x00007ff9eaab4000 	C:\Windows\System32\gdi32full.dll
0x00007ff9ea850000 - 0x00007ff9ea8ee000 	C:\Windows\System32\msvcp_win.dll
0x00007ff9eab70000 - 0x00007ff9eac6a000 	C:\Windows\System32\ucrtbase.dll
0x00007ff9e9eb0000 - 0x00007ff9ea135000 	C:\Windows\WinSxS\amd64_microsoft.windows.common-controls_6595b64144ccf1df_6.0.18362.657_none_e6c5b579130e3898\COMCTL32.dll
0x00007ff9eb950000 - 0x00007ff9ebc86000 	C:\Windows\System32\combase.dll
0x00007ff9eaac0000 - 0x00007ff9eab40000 	C:\Windows\System32\bcryptPrimitives.dll
0x00007ff9ed620000 - 0x00007ff9ed64e000 	C:\Windows\System32\IMM32.DLL
0x0000000057b50000 - 0x0000000057c22000 	C:\Program Files\Android\Android Studio\jre\jre\bin\msvcr100.dll
0x0000000057d10000 - 0x0000000058556000 	C:\Program Files\Android\Android Studio\jre\jre\bin\server\jvm.dll
0x00007ff9ecc10000 - 0x00007ff9ecc18000 	C:\Windows\System32\PSAPI.DLL
0x00007ff9e7bd0000 - 0x00007ff9e7bf4000 	C:\Windows\SYSTEM32\WINMM.dll
0x00007ff9d8620000 - 0x00007ff9d8629000 	C:\Windows\SYSTEM32\WSOCK32.dll
0x00007ff9ed7f0000 - 0x00007ff9ed85f000 	C:\Windows\System32\WS2_32.dll
0x00007ff9e7ba0000 - 0x00007ff9e7bcd000 	C:\Windows\SYSTEM32\WINMMBASE.dll
0x00007ff9dfe80000 - 0x00007ff9dfe8a000 	C:\Windows\SYSTEM32\VERSION.dll
0x00007ff9eb8a0000 - 0x00007ff9eb8ea000 	C:\Windows\System32\cfgmgr32.dll
0x00007ff9d8610000 - 0x00007ff9d861f000 	C:\Program Files\Android\Android Studio\jre\jre\bin\verify.dll
0x00007ff9d5cd0000 - 0x00007ff9d5cf9000 	C:\Program Files\Android\Android Studio\jre\jre\bin\java.dll
0x00007ff9d5cb0000 - 0x00007ff9d5cc6000 	C:\Program Files\Android\Android Studio\jre\jre\bin\zip.dll
0x00007ff9ec350000 - 0x00007ff9eca35000 	C:\Windows\System32\SHELL32.dll
0x00007ff9ebf80000 - 0x00007ff9ec029000 	C:\Windows\System32\shcore.dll
0x00007ff9eb070000 - 0x00007ff9eb7ef000 	C:\Windows\System32\windows.storage.dll
0x00007ff9ea7d0000 - 0x00007ff9ea7ef000 	C:\Windows\System32\profapi.dll
0x00007ff9ea780000 - 0x00007ff9ea7ca000 	C:\Windows\System32\powrprof.dll
0x00007ff9ea770000 - 0x00007ff9ea780000 	C:\Windows\System32\UMPDC.dll
0x00007ff9ebc90000 - 0x00007ff9ebce2000 	C:\Windows\System32\shlwapi.dll
0x00007ff9ea7f0000 - 0x00007ff9ea801000 	C:\Windows\System32\kernel.appcore.dll
0x00007ff9ea830000 - 0x00007ff9ea847000 	C:\Windows\System32\cryptsp.dll
0x00007ff9d5c90000 - 0x00007ff9d5caa000 	C:\Program Files\Android\Android Studio\jre\jre\bin\net.dll
0x00007ff9e9900000 - 0x00007ff9e9967000 	C:\Windows\system32\mswsock.dll
0x00007ff9d5c70000 - 0x00007ff9d5c81000 	C:\Program Files\Android\Android Studio\jre\jre\bin\nio.dll
0x00007ff9e63d0000 - 0x00007ff9e63f6000 	C:\Users\Rajko\.gradle\native\29\windows-amd64\native-platform.dll
0x00007ff9d8600000 - 0x00007ff9d860d000 	C:\Program Files\Android\Android Studio\jre\jre\bin\management.dll
0x00007ff9e9470000 - 0x00007ff9e94a3000 	C:\Windows\system32\rsaenh.dll
0x00007ff9ea8f0000 - 0x00007ff9ea916000 	C:\Windows\System32\bcrypt.dll
0x00007ff9ea690000 - 0x00007ff9ea6b5000 	C:\Windows\SYSTEM32\USERENV.dll
0x00007ff9e9ad0000 - 0x00007ff9e9adc000 	C:\Windows\SYSTEM32\CRYPTBASE.dll
0x00007ff9e9610000 - 0x00007ff9e964a000 	C:\Windows\SYSTEM32\IPHLPAPI.DLL
0x00007ff9ed100000 - 0x00007ff9ed108000 	C:\Windows\System32\NSI.dll
0x00007ff9e0d40000 - 0x00007ff9e0d56000 	C:\Windows\SYSTEM32\dhcpcsvc6.DLL
0x00007ff9e29e0000 - 0x00007ff9e29fc000 	C:\Windows\SYSTEM32\dhcpcsvc.DLL
0x00007ff9e9650000 - 0x00007ff9e971a000 	C:\Windows\SYSTEM32\DNSAPI.dll
0x00007ff9ea230000 - 0x00007ff9ea424000 	C:\Windows\SYSTEM32\dbghelp.dll

VM Arguments:
jvm_args: -Xmx1536m -Dfile.encoding=windows-1252 -Duser.country=US -Duser.language=en -Duser.variant 
java_command: org.gradle.launcher.daemon.bootstrap.GradleDaemon 5.4.1
java_class_path (initial): C:\Users\Rajko\.gradle\wrapper\dists\gradle-5.4.1-all\3221gyojl5jsh0helicew7rwx\gradle-5.4.1\lib\gradle-launcher-5.4.1.jar
Launcher Type: SUN_STANDARD

Environment Variables:
PATH=C:\Program Files (x86)\NVIDIA Corporation\PhysX\Common;C:\Program Files (x86)\Common Files\Oracle\Java\javapath;C:\Windows\system32;C:\Windows;C:\Windows\System32\Wbem;C:\Windows\System32\WindowsPowerShell\v1.0\;C:\Windows\System32\OpenSSH\;C:\Program Files\Git\cmd;C:\Program Files\nodejs\;C:\Users\Rajko\AppData\Local\Microsoft\WindowsApps;C:\Users\Rajko\AppData\Local\Programs\Microsoft VS Code\bin;C:\Users\Rajko\AppData\Roaming\npm;C:\Program Files\MongoDB\Server\4.2\bin;C:\Users\Rajko\AppData\Local\Android\Sdk\platform-tools;
USERNAME=Rajko
OS=Windows_NT
PROCESSOR_IDENTIFIER=Intel64 Family 6 Model 76 Stepping 4, GenuineIntel



---------------  S Y S T E M  ---------------

OS: Windows 10.0 , 64 bit Build 18362 (10.0.18362.329)

CPU:total 4 (initial active 4) (4 cores per cpu, 1 threads per core) family 6 model 76 stepping 4, cmov, cx8, fxsr, mmx, sse, sse2, sse3, ssse3, sse4.1, sse4.2, popcnt, aes, clmul, erms, 3dnowpref, tsc, tscinvbit

Memory: 4k page, physical 8298864k(3597744k free), swap 15376752k(10191892k free)

vm_info: OpenJDK 64-Bit Server VM (25.202-b03) for windows-amd64 JRE (1.8.0_202-release-1483-b03), built by "builder" with MS VC++ 10.0 (VS2010)

time: Sat Feb 22 11:46:38 2020
timezone: Central Europe Standard Time
elapsed time: 11 seconds (0d 0h 0m 11s)

